{
  "RSpec": {
    "coverage": {
      "/Users/astrid/z_turing/3m/assesments/2208-final-assessment-starter/app/facades/country_facade.rb": {
        "lines": [
          1,
          1,
          8,
          8,
          null,
          8,
          5,
          null,
          5,
          5,
          null,
          0,
          null,
          null,
          1,
          null,
          1,
          0,
          null,
          null
        ]
      },
      "/Users/astrid/z_turing/3m/assesments/2208-final-assessment-starter/app/facades/places_facade.rb": {
        "lines": [
          1,
          1,
          1,
          1,
          1,
          null,
          0,
          0,
          null,
          null,
          null
        ]
      },
      "/Users/astrid/z_turing/3m/assesments/2208-final-assessment-starter/app/poro/capital.rb": {
        "lines": [
          1,
          1,
          null,
          1,
          2,
          1,
          1,
          1,
          1,
          null,
          null
        ]
      },
      "/Users/astrid/z_turing/3m/assesments/2208-final-assessment-starter/app/poro/error.rb": {
        "lines": [
          1,
          1,
          null,
          1,
          0,
          0,
          null,
          null
        ]
      },
      "/Users/astrid/z_turing/3m/assesments/2208-final-assessment-starter/app/poro/tourist_sight.rb": {
        "lines": [
          1,
          1,
          null,
          1,
          1,
          1,
          1,
          null,
          null
        ]
      },
      "/Users/astrid/z_turing/3m/assesments/2208-final-assessment-starter/app/services/countries_now_service.rb": {
        "lines": [
          1,
          1,
          9,
          9,
          null,
          null,
          1,
          9,
          null,
          null
        ]
      },
      "/Users/astrid/z_turing/3m/assesments/2208-final-assessment-starter/app/services/geocoding_service.rb": {
        "lines": [
          1,
          1,
          6,
          6,
          null,
          null,
          1,
          6,
          6,
          null,
          null,
          null
        ]
      },
      "/Users/astrid/z_turing/3m/assesments/2208-final-assessment-starter/app/services/places_service.rb": {
        "lines": [
          1,
          1,
          1,
          42,
          null,
          null,
          1,
          1,
          10,
          null,
          null,
          null,
          null,
          1,
          1,
          1,
          1,
          1,
          1,
          1,
          1,
          null,
          null,
          1,
          null,
          null,
          1,
          1,
          1,
          null,
          null,
          null
        ]
      },
      "/Users/astrid/z_turing/3m/assesments/2208-final-assessment-starter/app/controllers/api/v1/capitals_controller.rb": {
        "lines": [
          1,
          1,
          2,
          2,
          0,
          0,
          null,
          null
        ]
      },
      "/Users/astrid/z_turing/3m/assesments/2208-final-assessment-starter/app/controllers/application_controller.rb": {
        "lines": [
          1,
          null
        ]
      },
      "/Users/astrid/z_turing/3m/assesments/2208-final-assessment-starter/app/controllers/api/v1/places_controller.rb": {
        "lines": [
          1,
          1,
          2,
          2,
          null,
          0,
          null,
          0,
          null,
          0,
          null,
          0,
          null,
          null,
          1,
          null,
          1,
          0,
          null,
          null
        ]
      },
      "/Users/astrid/z_turing/3m/assesments/2208-final-assessment-starter/app/serializers/error_serializer.rb": {
        "lines": [
          0,
          0,
          null,
          0,
          0
        ],
        "branches": {
        }
      },
      "/Users/astrid/z_turing/3m/assesments/2208-final-assessment-starter/app/serializers/tourist_sight_serializer.rb": {
        "lines": [
          0,
          0,
          null,
          0,
          0,
          0
        ],
        "branches": {
        }
      },
      "/Users/astrid/z_turing/3m/assesments/2208-final-assessment-starter/app/serializers/capital_serializer.rb": {
        "lines": [
          0,
          0,
          null,
          0,
          0,
          0
        ],
        "branches": {
        }
      }
    },
    "timestamp": 1673637105
  }
}
